<?xml version="1.0" encoding="UTF-8"?>
<testng-results ignored="0" total="2" passed="2" failed="0" skipped="0">
  <reporter-output>
  </reporter-output>
  <suite started-at="2024-05-09T17:21:52 IST" name="Suite" finished-at="2024-05-09T17:22:39 IST" duration-ms="47150">
    <groups>
      <group name="regression">
        <method signature="TC_001_AccountRegistrationTest.verify_account_registration()[pri:0, instance:testCases.TC_001_AccountRegistrationTest@18cebaa5]" name="verify_account_registration" class="testCases.TC_001_AccountRegistrationTest"/>
      </group> <!-- regression -->
      <group name="sanity">
        <method signature="TC_002_LoginTest.verify_login()[pri:0, instance:testCases.TC_002_LoginTest@18025ced]" name="verify_login" class="testCases.TC_002_LoginTest"/>
      </group> <!-- sanity -->
      <group name="master">
        <method signature="TC_001_AccountRegistrationTest.verify_account_registration()[pri:0, instance:testCases.TC_001_AccountRegistrationTest@18cebaa5]" name="verify_account_registration" class="testCases.TC_001_AccountRegistrationTest"/>
        <method signature="TC_002_LoginTest.verify_login()[pri:0, instance:testCases.TC_002_LoginTest@18025ced]" name="verify_login" class="testCases.TC_002_LoginTest"/>
      </group> <!-- master -->
    </groups>
    <test started-at="2024-05-09T17:21:52 IST" name="TC_001_AccountRegistrationTest" finished-at="2024-05-09T17:22:18 IST" duration-ms="25241">
      <class name="testCases.TC_001_AccountRegistrationTest">
        <test-method is-config="true" signature="setup(java.lang.String,java.lang.String)[pri:0, instance:testCases.TC_001_AccountRegistrationTest@18cebaa5]" started-at="2024-05-09T17:21:53 IST" name="setup" finished-at="2024-05-09T17:22:04 IST" duration-ms="10882" status="PASS">
          <params>
            <param index="0">
              <value>
                <![CDATA[Windows]]>
              </value>
            </param>
            <param index="1">
              <value>
                <![CDATA[chrome]]>
              </value>
            </param>
          </params>
          <reporter-output>
          </reporter-output>
        </test-method> <!-- setup -->
        <test-method signature="verify_account_registration()[pri:0, instance:testCases.TC_001_AccountRegistrationTest@18cebaa5]" started-at="2024-05-09T17:22:04 IST" name="verify_account_registration" finished-at="2024-05-09T17:22:16 IST" duration-ms="11743" status="PASS">
          <reporter-output>
          </reporter-output>
        </test-method> <!-- verify_account_registration -->
        <test-method is-config="true" signature="tearDown()[pri:0, instance:testCases.TC_001_AccountRegistrationTest@18cebaa5]" started-at="2024-05-09T17:22:16 IST" name="tearDown" finished-at="2024-05-09T17:22:18 IST" duration-ms="1490" status="PASS">
          <reporter-output>
          </reporter-output>
        </test-method> <!-- tearDown -->
      </class> <!-- testCases.TC_001_AccountRegistrationTest -->
    </test> <!-- TC_001_AccountRegistrationTest -->
    <test started-at="2024-05-09T17:22:21 IST" name="TC_002_LoginTest" finished-at="2024-05-09T17:22:39 IST" duration-ms="18363">
      <class name="testCases.TC_002_LoginTest">
        <test-method is-config="true" signature="setup(java.lang.String,java.lang.String)[pri:0, instance:testCases.TC_002_LoginTest@18025ced]" started-at="2024-05-09T17:22:21 IST" name="setup" finished-at="2024-05-09T17:22:31 IST" duration-ms="9777" status="PASS">
          <params>
            <param index="0">
              <value>
                <![CDATA[Windows]]>
              </value>
            </param>
            <param index="1">
              <value>
                <![CDATA[chrome]]>
              </value>
            </param>
          </params>
          <reporter-output>
          </reporter-output>
        </test-method> <!-- setup -->
        <test-method signature="verify_login()[pri:0, instance:testCases.TC_002_LoginTest@18025ced]" started-at="2024-05-09T17:22:31 IST" name="verify_login" finished-at="2024-05-09T17:22:39 IST" duration-ms="7637" status="PASS">
          <reporter-output>
          </reporter-output>
        </test-method> <!-- verify_login -->
        <test-method is-config="true" signature="tearDown()[pri:0, instance:testCases.TC_002_LoginTest@18025ced]" started-at="2024-05-09T17:22:39 IST" name="tearDown" finished-at="2024-05-09T17:22:39 IST" duration-ms="934" status="PASS">
          <reporter-output>
          </reporter-output>
        </test-method> <!-- tearDown -->
      </class> <!-- testCases.TC_002_LoginTest -->
    </test> <!-- TC_002_LoginTest -->
  </suite> <!-- Suite -->
</testng-results>
