<?xml version="1.0" encoding="UTF-8"?>
<testng-results ignored="0" total="1" passed="1" failed="0" skipped="0">
  <reporter-output>
  </reporter-output>
  <suite started-at="2024-05-10T11:21:05 IST" name="Suite" finished-at="2024-05-10T11:21:26 IST" duration-ms="21119">
    <groups>
      <group name="master">
        <method signature="TC_004_SearchProductTest.verify_pruductSearch()[pri:0, instance:testCases.TC_004_SearchProductTest@747ddf94]" name="verify_pruductSearch" class="testCases.TC_004_SearchProductTest"/>
      </group> <!-- master -->
    </groups>
    <test started-at="2024-05-10T11:21:05 IST" name="TC_004_SearchProductTest" finished-at="2024-05-10T11:21:26 IST" duration-ms="21119">
      <class name="testCases.TC_004_SearchProductTest">
        <test-method is-config="true" signature="setup(java.lang.String,java.lang.String)[pri:0, instance:testCases.TC_004_SearchProductTest@747ddf94]" started-at="2024-05-10T11:21:06 IST" name="setup" finished-at="2024-05-10T11:21:18 IST" duration-ms="12735" status="PASS">
          <params>
            <param index="0">
              <value>
                <![CDATA[Windows]]>
              </value>
            </param>
            <param index="1">
              <value>
                <![CDATA[chrome]]>
              </value>
            </param>
          </params>
          <reporter-output>
          </reporter-output>
        </test-method> <!-- setup -->
        <test-method signature="verify_pruductSearch()[pri:0, instance:testCases.TC_004_SearchProductTest@747ddf94]" started-at="2024-05-10T11:21:18 IST" name="verify_pruductSearch" finished-at="2024-05-10T11:21:25 IST" duration-ms="6145" status="PASS">
          <reporter-output>
          </reporter-output>
        </test-method> <!-- verify_pruductSearch -->
        <test-method is-config="true" signature="tearDown()[pri:0, instance:testCases.TC_004_SearchProductTest@747ddf94]" started-at="2024-05-10T11:21:25 IST" name="tearDown" finished-at="2024-05-10T11:21:26 IST" duration-ms="939" status="PASS">
          <reporter-output>
          </reporter-output>
        </test-method> <!-- tearDown -->
      </class> <!-- testCases.TC_004_SearchProductTest -->
    </test> <!-- TC_004_SearchProductTest -->
  </suite> <!-- Suite -->
</testng-results>
